
Running 11 tests using 1 worker

  ✓   1 [chromium] › tests\maker-checker\06-media-approval-workflow.spec.js:56:3 › Maker–Checker Media Approval Workflow › TC1: Checker approves submitted media — status becomes Approved (52.5s)
  ✘   2 [chromium] › tests\maker-checker\06-media-approval-workflow.spec.js:96:3 › Maker–Checker Media Approval Workflow › TC2: Checker rejects media with comment — Maker sees Rejected (33.0s)
  ✘   3 [chromium] › tests\maker-checker\06-media-approval-workflow.spec.js:133:3 › Maker–Checker Media Approval Workflow › TC3: Checker edits media metadata, then approves (3.4s)
  ✓   4 [chromium] › tests\maker-checker\06-media-approval-workflow.spec.js:187:3 › Maker–Checker Media Approval Workflow › TC4: Maker cannot edit media after submission (read-only or hidden) (12.7s)
TC5: duplicate-toast=false; pending matches=11
  ✓   5 [chromium] › tests\maker-checker\06-media-approval-workflow.spec.js:213:3 › Maker–Checker Media Approval Workflow › TC5: Re-submitting the same media triggers duplicate handling (17.5s)
TC6: no bulk-approve control exposed — per-row approval enforces selection
  ✓   6 [chromium] › tests\maker-checker\06-media-approval-workflow.spec.js:242:3 › Maker–Checker Media Approval Workflow › TC6: Checker tries bulk-approve with no selection — gracefully handled (10.5s)
  ✘   7 [chromium] › tests\maker-checker\06-media-approval-workflow.spec.js:270:3 › Maker–Checker Media Approval Workflow › TC7: Audit log entries created for submission and approval (27.5s)
  -   8 [chromium] › tests\maker-checker\06-media-approval-workflow.spec.js:302:3 › Maker–Checker Media Approval Workflow › TC8: Scheduled media respects rollout time (skipped if scheduling not exposed)
TC9: edit control is hidden on approved items — restriction enforced
  ✓   9 [chromium] › tests\maker-checker\06-media-approval-workflow.spec.js:337:3 › Maker–Checker Media Approval Workflow › TC9: Editing an already-approved media is restricted or versioned (42.7s)
TC10: no reject-comment dialog — UI does not require a comment
  ✓  10 [chromium] › tests\maker-checker\06-media-approval-workflow.spec.js:379:3 › Maker–Checker Media Approval Workflow › TC10: Rejection without a comment is blocked (when comment dialog is required) (35.4s)
  ✓  11 [chromium] › tests\maker-checker\06-media-approval-workflow.spec.js:432:3 › Maker–Checker Media Approval — Session Handoff › Maker can log out and Checker can log in on the same browser context (12.5s)


  1) [chromium] › tests\maker-checker\06-media-approval-workflow.spec.js:96:3 › Maker–Checker Media Approval Workflow › TC2: Checker rejects media with comment — Maker sees Rejected 

    Error: [2mexpect([22m[31mreceived[39m[2m).[22mtoBeFalsy[2m()[22m

    Received: [31mtrue[39m

      123 |       await makerLib.clickFilter('Approved');
      124 |       const inApproved = await makerLib.fileRow(FILE_BASE).isVisible({ timeout: 4000 }).catch(() => false);
    > 125 |       expect(inApproved).toBeFalsy();
          |                          ^
      126 |     } finally {
      127 |       await makerCtx.close();
      128 |       await checkerCtx.close();
        at C:\Users\User\Downloads\wilyer-playwright\tests\maker-checker\06-media-approval-workflow.spec.js:125:26

    attachment #1: screenshot (image/png) ──────────────────────────────────────────────────────────
    test-results\06-media-approval-workflow-ef685-mment-—-Maker-sees-Rejected-chromium\test-failed-1.png
    ────────────────────────────────────────────────────────────────────────────────────────────────

    attachment #2: screenshot (image/png) ──────────────────────────────────────────────────────────
    test-results\06-media-approval-workflow-ef685-mment-—-Maker-sees-Rejected-chromium\test-failed-2.png
    ────────────────────────────────────────────────────────────────────────────────────────────────

    Error Context: test-results\06-media-approval-workflow-ef685-mment-—-Maker-sees-Rejected-chromium\error-context.md

  2) [chromium] › tests\maker-checker\06-media-approval-workflow.spec.js:133:3 › Maker–Checker Media Approval Workflow › TC3: Checker edits media metadata, then approves 

    Error: [2mexpect([22m[31mlocator[39m[2m).[22mtoBeVisible[2m([22m[2m)[22m failed

    Locator: getByRole('textbox', { name: /email|phone/i })
    Expected: visible
    Error: element(s) not found

    Call log:
    [2m  - Expect "toBeVisible" with timeout 15000ms[22m
    [2m  - waiting for getByRole('textbox', { name: /email|phone/i })[22m


       at ..\..\pages\maker-checker\LoginPage.js:16

      14 |   async open(baseUrl) {
      15 |     await this.goto(baseUrl);
    > 16 |     await expect(this.emailInput).toBeVisible({ timeout: 15_000 });
         |                                   ^
      17 |   }
      18 |
      19 |   async login(email, password) {
        at LoginPage.open (C:\Users\User\Downloads\wilyer-playwright\pages\maker-checker\LoginPage.js:16:35)
        at login (C:\Users\User\Downloads\wilyer-playwright\utils\maker-checker\helpers.js:13:3)
        at C:\Users\User\Downloads\wilyer-playwright\tests\maker-checker\06-media-approval-workflow.spec.js:140:7

    Error Context: test-results\06-media-approval-workflow-fb599-edia-metadata-then-approves-chromium\error-context.md

  3) [chromium] › tests\maker-checker\06-media-approval-workflow.spec.js:270:3 › Maker–Checker Media Approval Workflow › TC7: Audit log entries created for submission and approval 

    Error: [2mexpect([22m[31mreceived[39m[2m).[22mtoBeTruthy[2m()[22m

    Received: [31mfalse[39m

      292 |       const tsPattern = /\b(\d{1,2}[:.]\d{2}|just now|\d+\s+(seconds?|minutes?|hours?|days?)\s+ago|\d{1,2}\s+\w{3,9}\s+\d{4})\b/i;
      293 |       const pageText = await checkerPage.textContent('body').catch(() => '');
    > 294 |       expect(tsPattern.test(pageText || '')).toBeTruthy();
          |                                              ^
      295 |     } finally {
      296 |       await makerCtx.close();
      297 |       await checkerCtx.close();
        at C:\Users\User\Downloads\wilyer-playwright\tests\maker-checker\06-media-approval-workflow.spec.js:294:46

    attachment #1: screenshot (image/png) ──────────────────────────────────────────────────────────
    test-results\06-media-approval-workflow-e2a1d-for-submission-and-approval-chromium\test-failed-1.png
    ────────────────────────────────────────────────────────────────────────────────────────────────

    attachment #2: screenshot (image/png) ──────────────────────────────────────────────────────────
    test-results\06-media-approval-workflow-e2a1d-for-submission-and-approval-chromium\test-failed-2.png
    ────────────────────────────────────────────────────────────────────────────────────────────────

    Error Context: test-results\06-media-approval-workflow-e2a1d-for-submission-and-approval-chromium\error-context.md

  3 failed
    [chromium] › tests\maker-checker\06-media-approval-workflow.spec.js:96:3 › Maker–Checker Media Approval Workflow › TC2: Checker rejects media with comment — Maker sees Rejected 
    [chromium] › tests\maker-checker\06-media-approval-workflow.spec.js:133:3 › Maker–Checker Media Approval Workflow › TC3: Checker edits media metadata, then approves 
    [chromium] › tests\maker-checker\06-media-approval-workflow.spec.js:270:3 › Maker–Checker Media Approval Workflow › TC7: Audit log entries created for submission and approval 
  1 skipped
  7 passed (4.5m)
