
Running 1 test using 1 worker

  ✘  1 [chromium] › tests\maker-checker\06-media-approval-workflow.spec.js:56:3 › Maker–Checker Media Approval Workflow › TC1: Checker approves submitted media — status becomes Approved (24.7s)


  1) [chromium] › tests\maker-checker\06-media-approval-workflow.spec.js:56:3 › Maker–Checker Media Approval Workflow › TC1: Checker approves submitted media — status becomes Approved 

    Error: [2mexpect([22m[31mlocator[39m[2m).[22mtoBeVisible[2m([22m[2m)[22m failed

    Locator: getByRole('button', { name: /upload files?/i })
    Expected: visible
    Timeout: 15000ms
    Error: element(s) not found

    Call log:
    [2m  - Expect "toBeVisible" with timeout 15000ms[22m
    [2m  - waiting for getByRole('button', { name: /upload files?/i })[22m


       at ..\..\pages\maker-checker\MediaLibraryPage.js:82

      80 |
      81 |     // Inside the folder (or at root) Upload Files becomes available.
    > 82 |     await expect(this.uploadFilesBtn).toBeVisible({ timeout: 15_000 });
         |                                       ^
      83 |   }
      84 |
      85 |   /** Strict click — fails the test if the folder isn't there. */
        at MediaLibraryPage.navigateToUploadFolder (C:\Users\User\Downloads\wilyer-playwright\pages\maker-checker\MediaLibraryPage.js:82:39)
        at makerUploadAndSubmit (C:\Users\User\Downloads\wilyer-playwright\tests\maker-checker\06-media-approval-workflow.spec.js:31:3)
        at C:\Users\User\Downloads\wilyer-playwright\tests\maker-checker\06-media-approval-workflow.spec.js:65:7

    attachment #1: screenshot (image/png) ──────────────────────────────────────────────────────────
    test-results\06-media-approval-workflow-c7ead-a-—-status-becomes-Approved-chromium\test-failed-1.png
    ────────────────────────────────────────────────────────────────────────────────────────────────

    attachment #2: screenshot (image/png) ──────────────────────────────────────────────────────────
    test-results\06-media-approval-workflow-c7ead-a-—-status-becomes-Approved-chromium\test-failed-2.png
    ────────────────────────────────────────────────────────────────────────────────────────────────

    Error Context: test-results\06-media-approval-workflow-c7ead-a-—-status-becomes-Approved-chromium\error-context.md

  1 failed
    [chromium] › tests\maker-checker\06-media-approval-workflow.spec.js:56:3 › Maker–Checker Media Approval Workflow › TC1: Checker approves submitted media — status becomes Approved 
